<?xml version="1.0" encoding="UTF-8"?>
<!-- Generated by org.testng.reporters.JUnitReportReporter -->
<testsuite hostname="DESKTOP-59085MU" failures="0" tests="9" name="Practise.Jiosupport" time="0.023" errors="0" timestamp="11 Apr 2022 08:24:29 GMT" skipped="0">
  <testcase classname="Practise.Jiosupport" name="duplicatevalues" time="0.002"/>
  <testcase classname="Practise.Jiosupport" name="vowelsconsocount" time="0.001"/>
  <testcase classname="Practise.Jiosupport" name="Arraychar" time="0.014"/>
  <testcase classname="Practise.Jiosupport" name="checkprime" time="0.001"/>
  <testcase classname="Practise.Jiosupport" name="reverseStr" time="0.001"/>
  <testcase classname="Practise.Jiosupport" name="reversewithfixedspace" time="0.001"/>
  <testcase classname="Practise.Jiosupport" name="missingnumberArray" time="0.002"/>
  <testcase classname="Practise.Jiosupport" name="reversevowelsonly" time="0.001"/>
  <testcase classname="Practise.Jiosupport" name="removespace" time="0.000"/>
</testsuite> <!-- Practise.Jiosupport -->
